app/build/intermediates/manifest_merge_blame_file/debug/manifest-merger-blame-debug-report.txt
1<?xml version="1.0" encoding="utf-8"?>
2<manifest xmlns:android="http://schemas.android.com/apk/res/android"
3    package="com.ddaeany0919.insightdeal"
4    android:versionCode="1"
5    android:versionName="1.0.0" >
6
7    <uses-sdk
8        android:minSdkVersion="24"
9        android:targetSdkVersion="34" />
10
11    <uses-permission android:name="android.permission.INTERNET" />
11-->src\main\AndroidManifest.xml:5:5-67
11-->src\main\AndroidManifest.xml:5:22-64
12    <uses-permission android:name="android.permission.ACCESS_NETWORK_STATE" />
12-->src\main\AndroidManifest.xml:6:5-79
12-->src\main\AndroidManifest.xml:6:22-76
13    <uses-permission android:name="android.permission.WAKE_LOCK" />
13-->src\main\AndroidManifest.xml:7:5-68
13-->src\main\AndroidManifest.xml:7:22-65
14
15    <!-- Firebase Cloud Messaging 권한 -->
16    <uses-permission android:name="android.permission.RECEIVE_BOOT_COMPLETED" />
16-->src\main\AndroidManifest.xml:10:5-81
16-->src\main\AndroidManifest.xml:10:22-78
17    <uses-permission android:name="android.permission.VIBRATE" />
17-->src\main\AndroidManifest.xml:11:5-66
17-->src\main\AndroidManifest.xml:11:22-63
18    <uses-permission android:name="android.permission.POST_NOTIFICATIONS" /> <!-- Required by older versions of Google Play services to create IID tokens -->
18-->[com.google.firebase:firebase-messaging:23.4.0] AndroidManifest.xml:23:5-77
18-->[com.google.firebase:firebase-messaging:23.4.0] AndroidManifest.xml:23:22-74
19    <uses-permission android:name="com.google.android.c2dm.permission.RECEIVE" />
19-->[com.google.firebase:firebase-messaging:23.4.0] AndroidManifest.xml:26:5-82
19-->[com.google.firebase:firebase-messaging:23.4.0] AndroidManifest.xml:26:22-79
20    <uses-permission android:name="com.google.android.gms.permission.AD_ID" />
20-->[com.google.android.gms:play-services-measurement-api:21.5.0] AndroidManifest.xml:25:5-79
20-->[com.google.android.gms:play-services-measurement-api:21.5.0] AndroidManifest.xml:25:22-76
21    <uses-permission android:name="android.permission.ACCESS_ADSERVICES_ATTRIBUTION" />
21-->[com.google.android.gms:play-services-measurement-api:21.5.0] AndroidManifest.xml:26:5-88
21-->[com.google.android.gms:play-services-measurement-api:21.5.0] AndroidManifest.xml:26:22-85
22    <uses-permission android:name="android.permission.ACCESS_ADSERVICES_AD_ID" />
22-->[com.google.android.gms:play-services-measurement-api:21.5.0] AndroidManifest.xml:27:5-82
22-->[com.google.android.gms:play-services-measurement-api:21.5.0] AndroidManifest.xml:27:22-79
23    <uses-permission android:name="com.google.android.finsky.permission.BIND_GET_INSTALL_REFERRER_SERVICE" />
23-->[com.google.android.gms:play-services-measurement:21.5.0] AndroidManifest.xml:26:5-110
23-->[com.google.android.gms:play-services-measurement:21.5.0] AndroidManifest.xml:26:22-107
24
25    <permission
25-->[androidx.core:core:1.12.0] AndroidManifest.xml:22:5-24:47
26        android:name="com.ddaeany0919.insightdeal.DYNAMIC_RECEIVER_NOT_EXPORTED_PERMISSION"
26-->[androidx.core:core:1.12.0] AndroidManifest.xml:23:9-81
27        android:protectionLevel="signature" />
27-->[androidx.core:core:1.12.0] AndroidManifest.xml:24:9-44
28
29    <uses-permission android:name="com.ddaeany0919.insightdeal.DYNAMIC_RECEIVER_NOT_EXPORTED_PERMISSION" />
29-->[androidx.core:core:1.12.0] AndroidManifest.xml:26:5-97
29-->[androidx.core:core:1.12.0] AndroidManifest.xml:26:22-94
30
31    <application
31-->src\main\AndroidManifest.xml:13:5-57:19
32        android:allowBackup="true"
32-->src\main\AndroidManifest.xml:14:9-35
33        android:appComponentFactory="androidx.core.app.CoreComponentFactory"
33-->[androidx.core:core:1.12.0] AndroidManifest.xml:28:18-86
34        android:dataExtractionRules="@xml/data_extraction_rules"
34-->src\main\AndroidManifest.xml:15:9-65
35        android:debuggable="true"
36        android:extractNativeLibs="false"
37        android:fullBackupContent="@xml/backup_rules"
37-->src\main\AndroidManifest.xml:16:9-54
38        android:icon="@mipmap/ic_launcher"
38-->src\main\AndroidManifest.xml:17:9-43
39        android:label="@string/app_name"
39-->src\main\AndroidManifest.xml:18:9-41
40        android:roundIcon="@mipmap/ic_launcher_round"
40-->src\main\AndroidManifest.xml:19:9-54
41        android:supportsRtl="true"
41-->src\main\AndroidManifest.xml:20:9-35
42        android:testOnly="true"
43        android:theme="@style/Theme.InsightDeal"
43-->src\main\AndroidManifest.xml:21:9-49
44        android:usesCleartextTraffic="true" >
44-->src\main\AndroidManifest.xml:22:9-44
45
46        <!-- Main Activity -->
47        <activity
47-->src\main\AndroidManifest.xml:26:9-35:20
48            android:name="com.ddaeany0919.insightdeal.MainActivity"
48-->src\main\AndroidManifest.xml:27:13-41
49            android:exported="true"
49-->src\main\AndroidManifest.xml:28:13-36
50            android:label="@string/app_name"
50-->src\main\AndroidManifest.xml:29:13-45
51            android:theme="@style/Theme.InsightDeal" >
51-->src\main\AndroidManifest.xml:30:13-53
52            <intent-filter>
52-->src\main\AndroidManifest.xml:31:13-34:29
53                <action android:name="android.intent.action.MAIN" />
53-->src\main\AndroidManifest.xml:32:17-69
53-->src\main\AndroidManifest.xml:32:25-66
54
55                <category android:name="android.intent.category.LAUNCHER" />
55-->src\main\AndroidManifest.xml:33:17-77
55-->src\main\AndroidManifest.xml:33:27-74
56            </intent-filter>
57        </activity>
58
59        <!-- Firebase Cloud Messaging Service -->
60        <service
60-->src\main\AndroidManifest.xml:38:9-44:19
61            android:name="com.ddaeany0919.insightdeal.firebase.InsightDealMessagingService"
61-->src\main\AndroidManifest.xml:39:13-65
62            android:exported="false" >
62-->src\main\AndroidManifest.xml:40:13-37
63            <intent-filter>
63-->src\main\AndroidManifest.xml:41:13-43:29
64                <action android:name="com.google.firebase.MESSAGING_EVENT" />
64-->src\main\AndroidManifest.xml:42:17-78
64-->src\main\AndroidManifest.xml:42:25-75
65            </intent-filter>
66        </service>
67
68        <!-- Firebase default notification channel -->
69        <meta-data
69-->src\main\AndroidManifest.xml:47:9-49:60
70            android:name="com.google.firebase.messaging.default_notification_icon"
70-->src\main\AndroidManifest.xml:48:13-83
71            android:resource="@drawable/ic_notification" />
71-->src\main\AndroidManifest.xml:49:13-57
72        <meta-data
72-->src\main\AndroidManifest.xml:50:9-52:60
73            android:name="com.google.firebase.messaging.default_notification_color"
73-->src\main\AndroidManifest.xml:51:13-84
74            android:resource="@color/notification_color" />
74-->src\main\AndroidManifest.xml:52:13-57
75        <meta-data
75-->src\main\AndroidManifest.xml:53:9-55:71
76            android:name="com.google.firebase.messaging.default_notification_channel_id"
76-->src\main\AndroidManifest.xml:54:13-89
77            android:value="@string/default_notification_channel_id" />
77-->src\main\AndroidManifest.xml:55:13-68
78
79        <activity
79-->[androidx.compose.ui:ui-test-manifest:1.6.1] AndroidManifest.xml:23:9-25:39
80            android:name="androidx.activity.ComponentActivity"
80-->[androidx.compose.ui:ui-test-manifest:1.6.1] AndroidManifest.xml:24:13-63
81            android:exported="true" />
81-->[androidx.compose.ui:ui-test-manifest:1.6.1] AndroidManifest.xml:25:13-36
82        <activity
82-->[androidx.compose.ui:ui-tooling-android:1.6.1] AndroidManifest.xml:23:9-25:39
83            android:name="androidx.compose.ui.tooling.PreviewActivity"
83-->[androidx.compose.ui:ui-tooling-android:1.6.1] AndroidManifest.xml:24:13-71
84            android:exported="true" />
84-->[androidx.compose.ui:ui-tooling-android:1.6.1] AndroidManifest.xml:25:13-36
85
86        <service
86-->[com.google.firebase:firebase-analytics-ktx:21.5.0] AndroidManifest.xml:8:9-14:19
87            android:name="com.google.firebase.components.ComponentDiscoveryService"
87-->[com.google.firebase:firebase-analytics-ktx:21.5.0] AndroidManifest.xml:9:13-84
88            android:directBootAware="true"
88-->[com.google.firebase:firebase-common:20.4.2] AndroidManifest.xml:32:13-43
89            android:exported="false" >
89-->[com.google.firebase:firebase-analytics-ktx:21.5.0] AndroidManifest.xml:10:13-37
90            <meta-data
90-->[com.google.firebase:firebase-analytics-ktx:21.5.0] AndroidManifest.xml:11:13-13:85
91                android:name="com.google.firebase.components:com.google.firebase.analytics.ktx.FirebaseAnalyticsLegacyRegistrar"
91-->[com.google.firebase:firebase-analytics-ktx:21.5.0] AndroidManifest.xml:12:17-129
92                android:value="com.google.firebase.components.ComponentRegistrar" />
92-->[com.google.firebase:firebase-analytics-ktx:21.5.0] AndroidManifest.xml:13:17-82
93            <meta-data
93-->[com.google.firebase:firebase-messaging-ktx:23.4.0] AndroidManifest.xml:26:13-28:85
94                android:name="com.google.firebase.components:com.google.firebase.messaging.ktx.FirebaseMessagingLegacyRegistrar"
94-->[com.google.firebase:firebase-messaging-ktx:23.4.0] AndroidManifest.xml:27:17-129
95                android:value="com.google.firebase.components.ComponentRegistrar" />
95-->[com.google.firebase:firebase-messaging-ktx:23.4.0] AndroidManifest.xml:28:17-82
96            <meta-data
96-->[com.google.firebase:firebase-messaging:23.4.0] AndroidManifest.xml:57:13-59:85
97                android:name="com.google.firebase.components:com.google.firebase.messaging.FirebaseMessagingKtxRegistrar"
97-->[com.google.firebase:firebase-messaging:23.4.0] AndroidManifest.xml:58:17-122
98                android:value="com.google.firebase.components.ComponentRegistrar" />
98-->[com.google.firebase:firebase-messaging:23.4.0] AndroidManifest.xml:59:17-82
99            <meta-data
99-->[com.google.firebase:firebase-messaging:23.4.0] AndroidManifest.xml:60:13-62:85
100                android:name="com.google.firebase.components:com.google.firebase.messaging.FirebaseMessagingRegistrar"
100-->[com.google.firebase:firebase-messaging:23.4.0] AndroidManifest.xml:61:17-119
101                android:value="com.google.firebase.components.ComponentRegistrar" />
101-->[com.google.firebase:firebase-messaging:23.4.0] AndroidManifest.xml:62:17-82
102            <meta-data
102-->[com.google.android.gms:play-services-measurement-api:21.5.0] AndroidManifest.xml:37:13-39:85
103                android:name="com.google.firebase.components:com.google.firebase.analytics.connector.internal.AnalyticsConnectorRegistrar"
103-->[com.google.android.gms:play-services-measurement-api:21.5.0] AndroidManifest.xml:38:17-139
104                android:value="com.google.firebase.components.ComponentRegistrar" />
104-->[com.google.android.gms:play-services-measurement-api:21.5.0] AndroidManifest.xml:39:17-82
105            <meta-data
105-->[com.google.firebase:firebase-installations:17.2.0] AndroidManifest.xml:15:13-17:85
106                android:name="com.google.firebase.components:com.google.firebase.installations.FirebaseInstallationsKtxRegistrar"
106-->[com.google.firebase:firebase-installations:17.2.0] AndroidManifest.xml:16:17-130
107                android:value="com.google.firebase.components.ComponentRegistrar" />
107-->[com.google.firebase:firebase-installations:17.2.0] AndroidManifest.xml:17:17-82
108            <meta-data
108-->[com.google.firebase:firebase-installations:17.2.0] AndroidManifest.xml:18:13-20:85
109                android:name="com.google.firebase.components:com.google.firebase.installations.FirebaseInstallationsRegistrar"
109-->[com.google.firebase:firebase-installations:17.2.0] AndroidManifest.xml:19:17-127
110                android:value="com.google.firebase.components.ComponentRegistrar" />
110-->[com.google.firebase:firebase-installations:17.2.0] AndroidManifest.xml:20:17-82
111            <meta-data
111-->[com.google.firebase:firebase-common-ktx:20.4.2] AndroidManifest.xml:12:13-14:85
112                android:name="com.google.firebase.components:com.google.firebase.ktx.FirebaseCommonLegacyRegistrar"
112-->[com.google.firebase:firebase-common-ktx:20.4.2] AndroidManifest.xml:13:17-116
113                android:value="com.google.firebase.components.ComponentRegistrar" />
113-->[com.google.firebase:firebase-common-ktx:20.4.2] AndroidManifest.xml:14:17-82
114            <meta-data
114-->[com.google.firebase:firebase-common:20.4.2] AndroidManifest.xml:35:13-37:85
115                android:name="com.google.firebase.components:com.google.firebase.FirebaseCommonKtxRegistrar"
115-->[com.google.firebase:firebase-common:20.4.2] AndroidManifest.xml:36:17-109
116                android:value="com.google.firebase.components.ComponentRegistrar" />
116-->[com.google.firebase:firebase-common:20.4.2] AndroidManifest.xml:37:17-82
117            <meta-data
117-->[com.google.firebase:firebase-datatransport:18.1.7] AndroidManifest.xml:27:13-29:85
118                android:name="com.google.firebase.components:com.google.firebase.datatransport.TransportRegistrar"
118-->[com.google.firebase:firebase-datatransport:18.1.7] AndroidManifest.xml:28:17-115
119                android:value="com.google.firebase.components.ComponentRegistrar" />
119-->[com.google.firebase:firebase-datatransport:18.1.7] AndroidManifest.xml:29:17-82
120        </service>
121
122        <receiver
122-->[com.google.firebase:firebase-messaging:23.4.0] AndroidManifest.xml:29:9-40:20
123            android:name="com.google.firebase.iid.FirebaseInstanceIdReceiver"
123-->[com.google.firebase:firebase-messaging:23.4.0] AndroidManifest.xml:30:13-78
124            android:exported="true"
124-->[com.google.firebase:firebase-messaging:23.4.0] AndroidManifest.xml:31:13-36
125            android:permission="com.google.android.c2dm.permission.SEND" >
125-->[com.google.firebase:firebase-messaging:23.4.0] AndroidManifest.xml:32:13-73
126            <intent-filter>
126-->[com.google.firebase:firebase-messaging:23.4.0] AndroidManifest.xml:33:13-35:29
127                <action android:name="com.google.android.c2dm.intent.RECEIVE" />
127-->[com.google.firebase:firebase-messaging:23.4.0] AndroidManifest.xml:34:17-81
127-->[com.google.firebase:firebase-messaging:23.4.0] AndroidManifest.xml:34:25-78
128            </intent-filter>
129
130            <meta-data
130-->[com.google.firebase:firebase-messaging:23.4.0] AndroidManifest.xml:37:13-39:40
131                android:name="com.google.android.gms.cloudmessaging.FINISHED_AFTER_HANDLED"
131-->[com.google.firebase:firebase-messaging:23.4.0] AndroidManifest.xml:38:17-92
132                android:value="true" />
132-->[com.google.firebase:firebase-messaging:23.4.0] AndroidManifest.xml:39:17-37
133        </receiver>
134        <!--
135             FirebaseMessagingService performs security checks at runtime,
136             but set to not exported to explicitly avoid allowing another app to call it.
137        -->
138        <service
138-->[com.google.firebase:firebase-messaging:23.4.0] AndroidManifest.xml:46:9-53:19
139            android:name="com.google.firebase.messaging.FirebaseMessagingService"
139-->[com.google.firebase:firebase-messaging:23.4.0] AndroidManifest.xml:47:13-82
140            android:directBootAware="true"
140-->[com.google.firebase:firebase-messaging:23.4.0] AndroidManifest.xml:48:13-43
141            android:exported="false" >
141-->[com.google.firebase:firebase-messaging:23.4.0] AndroidManifest.xml:49:13-37
142            <intent-filter android:priority="-500" >
142-->src\main\AndroidManifest.xml:41:13-43:29
143                <action android:name="com.google.firebase.MESSAGING_EVENT" />
143-->src\main\AndroidManifest.xml:42:17-78
143-->src\main\AndroidManifest.xml:42:25-75
144            </intent-filter>
145        </service>
146
147        <property
147-->[com.google.android.gms:play-services-measurement-api:21.5.0] AndroidManifest.xml:30:9-32:61
148            android:name="android.adservices.AD_SERVICES_CONFIG"
148-->[com.google.android.gms:play-services-measurement-api:21.5.0] AndroidManifest.xml:31:13-65
149            android:resource="@xml/ga_ad_services_config" />
149-->[com.google.android.gms:play-services-measurement-api:21.5.0] AndroidManifest.xml:32:13-58
150
151        <provider
151-->[com.google.firebase:firebase-common:20.4.2] AndroidManifest.xml:23:9-28:39
152            android:name="com.google.firebase.provider.FirebaseInitProvider"
152-->[com.google.firebase:firebase-common:20.4.2] AndroidManifest.xml:24:13-77
153            android:authorities="com.ddaeany0919.insightdeal.firebaseinitprovider"
153-->[com.google.firebase:firebase-common:20.4.2] AndroidManifest.xml:25:13-72
154            android:directBootAware="true"
154-->[com.google.firebase:firebase-common:20.4.2] AndroidManifest.xml:26:13-43
155            android:exported="false"
155-->[com.google.firebase:firebase-common:20.4.2] AndroidManifest.xml:27:13-37
156            android:initOrder="100" />
156-->[com.google.firebase:firebase-common:20.4.2] AndroidManifest.xml:28:13-36
157
158        <receiver
158-->[com.google.android.gms:play-services-measurement:21.5.0] AndroidManifest.xml:29:9-33:20
159            android:name="com.google.android.gms.measurement.AppMeasurementReceiver"
159-->[com.google.android.gms:play-services-measurement:21.5.0] AndroidManifest.xml:30:13-85
160            android:enabled="true"
160-->[com.google.android.gms:play-services-measurement:21.5.0] AndroidManifest.xml:31:13-35
161            android:exported="false" >
161-->[com.google.android.gms:play-services-measurement:21.5.0] AndroidManifest.xml:32:13-37
162        </receiver>
163
164        <service
164-->[com.google.android.gms:play-services-measurement:21.5.0] AndroidManifest.xml:35:9-38:40
165            android:name="com.google.android.gms.measurement.AppMeasurementService"
165-->[com.google.android.gms:play-services-measurement:21.5.0] AndroidManifest.xml:36:13-84
166            android:enabled="true"
166-->[com.google.android.gms:play-services-measurement:21.5.0] AndroidManifest.xml:37:13-35
167            android:exported="false" />
167-->[com.google.android.gms:play-services-measurement:21.5.0] AndroidManifest.xml:38:13-37
168        <service
168-->[com.google.android.gms:play-services-measurement:21.5.0] AndroidManifest.xml:39:9-43:72
169            android:name="com.google.android.gms.measurement.AppMeasurementJobService"
169-->[com.google.android.gms:play-services-measurement:21.5.0] AndroidManifest.xml:40:13-87
170            android:enabled="true"
170-->[com.google.android.gms:play-services-measurement:21.5.0] AndroidManifest.xml:41:13-35
171            android:exported="false"
171-->[com.google.android.gms:play-services-measurement:21.5.0] AndroidManifest.xml:42:13-37
172            android:permission="android.permission.BIND_JOB_SERVICE" />
172-->[com.google.android.gms:play-services-measurement:21.5.0] AndroidManifest.xml:43:13-69
173
174        <activity
174-->[com.google.android.gms:play-services-base:18.0.1] AndroidManifest.xml:20:9-22:45
175            android:name="com.google.android.gms.common.api.GoogleApiActivity"
175-->[com.google.android.gms:play-services-base:18.0.1] AndroidManifest.xml:20:19-85
176            android:exported="false"
176-->[com.google.android.gms:play-services-base:18.0.1] AndroidManifest.xml:22:19-43
177            android:theme="@android:style/Theme.Translucent.NoTitleBar" />
177-->[com.google.android.gms:play-services-base:18.0.1] AndroidManifest.xml:21:19-78
178
179        <provider
179-->[androidx.emoji2:emoji2:1.3.0] AndroidManifest.xml:24:9-32:20
180            android:name="androidx.startup.InitializationProvider"
180-->[androidx.emoji2:emoji2:1.3.0] AndroidManifest.xml:25:13-67
181            android:authorities="com.ddaeany0919.insightdeal.androidx-startup"
181-->[androidx.emoji2:emoji2:1.3.0] AndroidManifest.xml:26:13-68
182            android:exported="false" >
182-->[androidx.emoji2:emoji2:1.3.0] AndroidManifest.xml:27:13-37
183            <meta-data
183-->[androidx.emoji2:emoji2:1.3.0] AndroidManifest.xml:29:13-31:52
184                android:name="androidx.emoji2.text.EmojiCompatInitializer"
184-->[androidx.emoji2:emoji2:1.3.0] AndroidManifest.xml:30:17-75
185                android:value="androidx.startup" />
185-->[androidx.emoji2:emoji2:1.3.0] AndroidManifest.xml:31:17-49
186            <meta-data
186-->[androidx.lifecycle:lifecycle-process:2.7.0] AndroidManifest.xml:29:13-31:52
187                android:name="androidx.lifecycle.ProcessLifecycleInitializer"
187-->[androidx.lifecycle:lifecycle-process:2.7.0] AndroidManifest.xml:30:17-78
188                android:value="androidx.startup" />
188-->[androidx.lifecycle:lifecycle-process:2.7.0] AndroidManifest.xml:31:17-49
189            <meta-data
189-->[androidx.profileinstaller:profileinstaller:1.3.1] AndroidManifest.xml:29:13-31:52
190                android:name="androidx.profileinstaller.ProfileInstallerInitializer"
190-->[androidx.profileinstaller:profileinstaller:1.3.1] AndroidManifest.xml:30:17-85
191                android:value="androidx.startup" />
191-->[androidx.profileinstaller:profileinstaller:1.3.1] AndroidManifest.xml:31:17-49
192        </provider>
193
194        <uses-library
194-->[androidx.privacysandbox.ads:ads-adservices:1.0.0-beta05] AndroidManifest.xml:23:9-25:40
195            android:name="android.ext.adservices"
195-->[androidx.privacysandbox.ads:ads-adservices:1.0.0-beta05] AndroidManifest.xml:24:13-50
196            android:required="false" />
196-->[androidx.privacysandbox.ads:ads-adservices:1.0.0-beta05] AndroidManifest.xml:25:13-37
197
198        <meta-data
198-->[com.google.android.gms:play-services-basement:18.1.0] AndroidManifest.xml:21:9-23:69
199            android:name="com.google.android.gms.version"
199-->[com.google.android.gms:play-services-basement:18.1.0] AndroidManifest.xml:22:13-58
200            android:value="@integer/google_play_services_version" />
200-->[com.google.android.gms:play-services-basement:18.1.0] AndroidManifest.xml:23:13-66
201
202        <receiver
202-->[androidx.profileinstaller:profileinstaller:1.3.1] AndroidManifest.xml:34:9-52:20
203            android:name="androidx.profileinstaller.ProfileInstallReceiver"
203-->[androidx.profileinstaller:profileinstaller:1.3.1] AndroidManifest.xml:35:13-76
204            android:directBootAware="false"
204-->[androidx.profileinstaller:profileinstaller:1.3.1] AndroidManifest.xml:36:13-44
205            android:enabled="true"
205-->[androidx.profileinstaller:profileinstaller:1.3.1] AndroidManifest.xml:37:13-35
206            android:exported="true"
206-->[androidx.profileinstaller:profileinstaller:1.3.1] AndroidManifest.xml:38:13-36
207            android:permission="android.permission.DUMP" >
207-->[androidx.profileinstaller:profileinstaller:1.3.1] AndroidManifest.xml:39:13-57
208            <intent-filter>
208-->[androidx.profileinstaller:profileinstaller:1.3.1] AndroidManifest.xml:40:13-42:29
209                <action android:name="androidx.profileinstaller.action.INSTALL_PROFILE" />
209-->[androidx.profileinstaller:profileinstaller:1.3.1] AndroidManifest.xml:41:17-91
209-->[androidx.profileinstaller:profileinstaller:1.3.1] AndroidManifest.xml:41:25-88
210            </intent-filter>
211            <intent-filter>
211-->[androidx.profileinstaller:profileinstaller:1.3.1] AndroidManifest.xml:43:13-45:29
212                <action android:name="androidx.profileinstaller.action.SKIP_FILE" />
212-->[androidx.profileinstaller:profileinstaller:1.3.1] AndroidManifest.xml:44:17-85
212-->[androidx.profileinstaller:profileinstaller:1.3.1] AndroidManifest.xml:44:25-82
213            </intent-filter>
214            <intent-filter>
214-->[androidx.profileinstaller:profileinstaller:1.3.1] AndroidManifest.xml:46:13-48:29
215                <action android:name="androidx.profileinstaller.action.SAVE_PROFILE" />
215-->[androidx.profileinstaller:profileinstaller:1.3.1] AndroidManifest.xml:47:17-88
215-->[androidx.profileinstaller:profileinstaller:1.3.1] AndroidManifest.xml:47:25-85
216            </intent-filter>
217            <intent-filter>
217-->[androidx.profileinstaller:profileinstaller:1.3.1] AndroidManifest.xml:49:13-51:29
218                <action android:name="androidx.profileinstaller.action.BENCHMARK_OPERATION" />
218-->[androidx.profileinstaller:profileinstaller:1.3.1] AndroidManifest.xml:50:17-95
218-->[androidx.profileinstaller:profileinstaller:1.3.1] AndroidManifest.xml:50:25-92
219            </intent-filter>
220        </receiver>
221
222        <service
222-->[com.google.android.datatransport:transport-backend-cct:3.1.8] AndroidManifest.xml:28:9-34:19
223            android:name="com.google.android.datatransport.runtime.backends.TransportBackendDiscovery"
223-->[com.google.android.datatransport:transport-backend-cct:3.1.8] AndroidManifest.xml:29:13-103
224            android:exported="false" >
224-->[com.google.android.datatransport:transport-backend-cct:3.1.8] AndroidManifest.xml:30:13-37
225            <meta-data
225-->[com.google.android.datatransport:transport-backend-cct:3.1.8] AndroidManifest.xml:31:13-33:39
226                android:name="backend:com.google.android.datatransport.cct.CctBackendFactory"
226-->[com.google.android.datatransport:transport-backend-cct:3.1.8] AndroidManifest.xml:32:17-94
227                android:value="cct" />
227-->[com.google.android.datatransport:transport-backend-cct:3.1.8] AndroidManifest.xml:33:17-36
228        </service>
229        <service
229-->[com.google.android.datatransport:transport-runtime:3.1.8] AndroidManifest.xml:26:9-30:19
230            android:name="com.google.android.datatransport.runtime.scheduling.jobscheduling.JobInfoSchedulerService"
230-->[com.google.android.datatransport:transport-runtime:3.1.8] AndroidManifest.xml:27:13-117
231            android:exported="false"
231-->[com.google.android.datatransport:transport-runtime:3.1.8] AndroidManifest.xml:28:13-37
232            android:permission="android.permission.BIND_JOB_SERVICE" >
232-->[com.google.android.datatransport:transport-runtime:3.1.8] AndroidManifest.xml:29:13-69
233        </service>
234
235        <receiver
235-->[com.google.android.datatransport:transport-runtime:3.1.8] AndroidManifest.xml:32:9-34:40
236            android:name="com.google.android.datatransport.runtime.scheduling.jobscheduling.AlarmManagerSchedulerBroadcastReceiver"
236-->[com.google.android.datatransport:transport-runtime:3.1.8] AndroidManifest.xml:33:13-132
237            android:exported="false" />
237-->[com.google.android.datatransport:transport-runtime:3.1.8] AndroidManifest.xml:34:13-37
238    </application>
239
240</manifest>